<?xml version="1.0" encoding="UTF-8"?>
<testng-results skipped="0" failed="0" ignored="0" total="0" passed="0">
  <reporter-output>
  </reporter-output>
  <suite name="runner.RunCucumberTest" duration-ms="254" started-at="2021-03-01T21:36:08Z" finished-at="2021-03-01T21:36:08Z">
    <groups>
      <group name="cucumber">
        <method signature="AbstractTestNGCucumberTests.runScenario(io.cucumber.testng.PickleEventWrapper, io.cucumber.testng.CucumberFeatureWrapper)[pri:0, instance:runner.RunCucumberTest@59e84876]" name="runScenario" class="io.cucumber.testng.AbstractTestNGCucumberTests"/>
      </group> <!-- cucumber -->
    </groups>
    <test name="Command line test" duration-ms="254" started-at="2021-03-01T21:36:08Z" finished-at="2021-03-01T21:36:08Z">
      <class name="runner.RunCucumberTest">
        <test-method status="PASS" signature="setUpClass()[pri:0, instance:runner.RunCucumberTest@59e84876]" name="setUpClass" is-config="true" duration-ms="179" started-at="2021-03-01T21:36:08Z" finished-at="2021-03-01T21:36:08Z">
          <reporter-output>
          </reporter-output>
        </test-method> <!-- setUpClass -->
        <test-method status="PASS" signature="tearDownClass()[pri:0, instance:runner.RunCucumberTest@59e84876]" name="tearDownClass" is-config="true" duration-ms="0" started-at="2021-03-01T21:36:08Z" finished-at="2021-03-01T21:36:08Z">
          <reporter-output>
          </reporter-output>
        </test-method> <!-- tearDownClass -->
      </class> <!-- runner.RunCucumberTest -->
    </test> <!-- Command line test -->
  </suite> <!-- runner.RunCucumberTest -->
</testng-results>
